2025-05-12 20:43:51,970 - INFO - Starting KBO detection pipeline
2025-05-12 20:43:51,970 - INFO - Using coordinate configuration: config/coordinates.txt
2025-05-12 20:43:51,970 - INFO - Base output directory: data/ecliptic_survey_results\RA17.5-19.5_DEC-26.2--20.2
2025-05-12 20:43:51,970 - INFO - 
=== STEP 1: SEARCH ===
2025-05-12 20:43:53,182 - INFO - Starting MAST search
2025-05-12 20:43:53,182 - INFO - Using coordinate configuration: config/coordinates.txt
2025-05-12 20:43:53,182 - INFO - Output directory: data/ecliptic_survey_results\RA17.5-19.5_DEC-26.2--20.2\search_results_20250512_204353
2025-05-12 20:43:53,190 - INFO - Searching region: RA 262.50° to 292.50°, Dec -26.19° to -20.19°
2025-05-12 20:43:53,191 - INFO - Divided region into 180 search squares
2025-05-12 20:43:53,191 - INFO - Processing square 1/180: RA262.50-263.50_DEC-26.19--25.19
2025-05-12 20:43:53,191 - INFO - Processing square RA262.50-263.50_DEC-26.19--25.19
2025-05-12 20:43:53,192 - INFO - Searching MAST at RA=263.000000, Dec=-25.687500 with radius=0.707107°
2025-05-12 20:46:20,708 - INFO - No observations found in square RA262.50-263.50_DEC-26.19--25.19
2025-05-12 20:46:20,708 - INFO - Processing square 2/180: RA262.50-263.50_DEC-25.19--24.19
2025-05-12 20:46:20,708 - INFO - Processing square RA262.50-263.50_DEC-25.19--24.19
2025-05-12 20:46:20,708 - INFO - Searching MAST at RA=263.000000, Dec=-24.687500 with radius=0.707107°
2025-05-12 20:47:43,517 - INFO - No observations found in square RA262.50-263.50_DEC-25.19--24.19
2025-05-12 20:47:43,517 - INFO - Processing square 3/180: RA262.50-263.50_DEC-24.19--23.19
2025-05-12 20:47:43,517 - INFO - Processing square RA262.50-263.50_DEC-24.19--23.19
2025-05-12 20:47:43,517 - INFO - Searching MAST at RA=263.000000, Dec=-23.687500 with radius=0.707107°
2025-05-12 20:48:36,147 - INFO - No observations found in square RA262.50-263.50_DEC-24.19--23.19
2025-05-12 20:48:36,147 - INFO - Processing square 4/180: RA262.50-263.50_DEC-23.19--22.19
2025-05-12 20:48:36,147 - INFO - Processing square RA262.50-263.50_DEC-23.19--22.19
2025-05-12 20:48:36,148 - INFO - Searching MAST at RA=263.000000, Dec=-22.687500 with radius=0.707107°
2025-05-12 20:49:09,700 - INFO - No observations found in square RA262.50-263.50_DEC-23.19--22.19
2025-05-12 20:49:09,700 - INFO - Processing square 5/180: RA262.50-263.50_DEC-22.19--21.19
2025-05-12 20:49:09,701 - INFO - Processing square RA262.50-263.50_DEC-22.19--21.19
2025-05-12 20:49:09,701 - INFO - Searching MAST at RA=263.000000, Dec=-21.687500 with radius=0.707107°
2025-05-12 20:50:09,441 - INFO - Found 308 JWST observations in square RA262.50-263.50_DEC-22.19--21.19
2025-05-12 20:50:09,441 - INFO - Getting products for 308 observations...
2025-05-12 20:50:09,863 - WARNING - NoResultsWarning: Query returned no results.
2025-05-12 20:50:09,901 - INFO - Found 0 total products
2025-05-12 20:50:09,902 - INFO - After FITS filter: 0/0 products
2025-05-12 20:50:09,903 - INFO - After calibration level filter: 0/0 products
2025-05-12 20:50:09,903 - INFO - Returning 0 filtered products
2025-05-12 20:50:09,903 - INFO - No suitable products found in square RA262.50-263.50_DEC-22.19--21.19
2025-05-12 20:50:09,904 - INFO - Processing square 6/180: RA262.50-263.50_DEC-21.19--20.19
2025-05-12 20:50:09,904 - INFO - Processing square RA262.50-263.50_DEC-21.19--20.19
2025-05-12 20:50:09,904 - INFO - Searching MAST at RA=263.000000, Dec=-20.687500 with radius=0.707107°
2025-05-12 20:50:33,429 - INFO - No observations found in square RA262.50-263.50_DEC-21.19--20.19
2025-05-12 20:50:33,429 - INFO - Processing square 7/180: RA263.50-264.50_DEC-26.19--25.19
2025-05-12 20:50:33,429 - INFO - Processing square RA263.50-264.50_DEC-26.19--25.19
2025-05-12 20:50:33,429 - INFO - Searching MAST at RA=264.000000, Dec=-25.687500 with radius=0.707107°
2025-05-12 20:52:28,682 - INFO - No observations found in square RA263.50-264.50_DEC-26.19--25.19
2025-05-12 20:52:28,682 - INFO - Processing square 8/180: RA263.50-264.50_DEC-25.19--24.19
2025-05-12 20:52:28,682 - INFO - Processing square RA263.50-264.50_DEC-25.19--24.19
2025-05-12 20:52:28,682 - INFO - Searching MAST at RA=264.000000, Dec=-24.687500 with radius=0.707107°
2025-05-12 20:53:52,845 - INFO - No observations found in square RA263.50-264.50_DEC-25.19--24.19
2025-05-12 20:53:52,845 - INFO - Processing square 9/180: RA263.50-264.50_DEC-24.19--23.19
2025-05-12 20:53:52,845 - INFO - Processing square RA263.50-264.50_DEC-24.19--23.19
2025-05-12 20:53:52,845 - INFO - Searching MAST at RA=264.000000, Dec=-23.687500 with radius=0.707107°
2025-05-12 20:55:02,280 - INFO - No observations found in square RA263.50-264.50_DEC-24.19--23.19
2025-05-12 20:55:02,280 - INFO - Processing square 10/180: RA263.50-264.50_DEC-23.19--22.19
2025-05-12 20:55:02,280 - INFO - Processing square RA263.50-264.50_DEC-23.19--22.19
2025-05-12 20:55:02,281 - INFO - Searching MAST at RA=264.000000, Dec=-22.687500 with radius=0.707107°
2025-05-12 20:55:46,851 - INFO - No observations found in square RA263.50-264.50_DEC-23.19--22.19
2025-05-12 20:55:46,851 - INFO - Processing square 11/180: RA263.50-264.50_DEC-22.19--21.19
2025-05-12 20:55:46,851 - INFO - Processing square RA263.50-264.50_DEC-22.19--21.19
2025-05-12 20:55:46,852 - INFO - Searching MAST at RA=264.000000, Dec=-21.687500 with radius=0.707107°
2025-05-12 20:56:20,880 - INFO - No observations found in square RA263.50-264.50_DEC-22.19--21.19
2025-05-12 20:56:20,880 - INFO - Processing square 12/180: RA263.50-264.50_DEC-21.19--20.19
2025-05-12 20:56:20,880 - INFO - Processing square RA263.50-264.50_DEC-21.19--20.19
2025-05-12 20:56:20,881 - INFO - Searching MAST at RA=264.000000, Dec=-20.687500 with radius=0.707107°
2025-05-12 20:56:40,895 - INFO - No observations found in square RA263.50-264.50_DEC-21.19--20.19
2025-05-12 20:56:40,895 - INFO - Processing square 13/180: RA264.50-265.50_DEC-26.19--25.19
2025-05-12 20:56:40,895 - INFO - Processing square RA264.50-265.50_DEC-26.19--25.19
2025-05-12 20:56:40,896 - INFO - Searching MAST at RA=265.000000, Dec=-25.687500 with radius=0.707107°
2025-05-12 20:59:05,291 - INFO - No observations found in square RA264.50-265.50_DEC-26.19--25.19
2025-05-12 20:59:05,291 - INFO - Processing square 14/180: RA264.50-265.50_DEC-25.19--24.19
2025-05-12 20:59:05,291 - INFO - Processing square RA264.50-265.50_DEC-25.19--24.19
2025-05-12 20:59:05,292 - INFO - Searching MAST at RA=265.000000, Dec=-24.687500 with radius=0.707107°
2025-05-12 21:00:35,792 - INFO - No observations found in square RA264.50-265.50_DEC-25.19--24.19
2025-05-12 21:00:35,792 - INFO - Processing square 15/180: RA264.50-265.50_DEC-24.19--23.19
2025-05-12 21:00:35,792 - INFO - Processing square RA264.50-265.50_DEC-24.19--23.19
2025-05-12 21:00:35,793 - INFO - Searching MAST at RA=265.000000, Dec=-23.687500 with radius=0.707107°
2025-05-12 21:01:23,056 - INFO - No observations found in square RA264.50-265.50_DEC-24.19--23.19
2025-05-12 21:01:23,057 - INFO - Processing square 16/180: RA264.50-265.50_DEC-23.19--22.19
2025-05-12 21:01:23,057 - INFO - Processing square RA264.50-265.50_DEC-23.19--22.19
2025-05-12 21:01:23,058 - INFO - Searching MAST at RA=265.000000, Dec=-22.687500 with radius=0.707107°
2025-05-12 21:01:54,619 - INFO - No observations found in square RA264.50-265.50_DEC-23.19--22.19
2025-05-12 21:01:54,620 - INFO - Processing square 17/180: RA264.50-265.50_DEC-22.19--21.19
2025-05-12 21:01:54,620 - INFO - Processing square RA264.50-265.50_DEC-22.19--21.19
2025-05-12 21:01:54,620 - INFO - Searching MAST at RA=265.000000, Dec=-21.687500 with radius=0.707107°
2025-05-12 21:02:08,676 - INFO - No observations found in square RA264.50-265.50_DEC-22.19--21.19
2025-05-12 21:02:08,677 - INFO - Processing square 18/180: RA264.50-265.50_DEC-21.19--20.19
2025-05-12 21:02:08,677 - INFO - Processing square RA264.50-265.50_DEC-21.19--20.19
2025-05-12 21:02:08,677 - INFO - Searching MAST at RA=265.000000, Dec=-20.687500 with radius=0.707107°
2025-05-12 21:02:55,220 - INFO - No observations found in square RA264.50-265.50_DEC-21.19--20.19
2025-05-12 21:02:55,220 - INFO - Processing square 19/180: RA265.50-266.50_DEC-26.19--25.19
2025-05-12 21:02:55,220 - INFO - Processing square RA265.50-266.50_DEC-26.19--25.19
2025-05-12 21:02:55,220 - INFO - Searching MAST at RA=266.000000, Dec=-25.687500 with radius=0.707107°
2025-05-12 21:03:38,845 - WARNING - Search interrupted by user
2025-05-12 21:03:38,845 - CRITICAL - Keyboard interrupt received, terminating search
2025-05-12 21:03:38,845 - WARNING - Processing of square RA265.50-266.50_DEC-26.19--25.19 interrupted by user
2025-05-12 21:03:38,845 - CRITICAL - 

Search interrupted by user (Ctrl+C). Terminating pipeline.
2025-05-12 21:03:38,846 - INFO - Saved partial results to data/ecliptic_survey_results\RA17.5-19.5_DEC-26.2--20.2\search_results_20250512_204353\partial_results_20250512_210338.json
2025-05-12 21:03:38,846 - CRITICAL - 

Operation interrupted by user
